souyue/build/outputs/logs/manifest-merger-zhongsou-debug-report.txt
-- Merging decision tree log ---
manifest
ADDED from src\main\AndroidManifest.xml:2:1-1223:12
	package
		ADDED from src\main\AndroidManifest.xml:2:11-40
		INJECTED from src\main\AndroidManifest.xml
		INJECTED from src\main\AndroidManifest.xml
	android:versionName
		ADDED from src\main\AndroidManifest.xml:5:11-40
		INJECTED from src\main\AndroidManifest.xml
		INJECTED from src\main\AndroidManifest.xml
	android:versionCode
		ADDED from src\main\AndroidManifest.xml:4:11-35
		INJECTED from src\main\AndroidManifest.xml
		INJECTED from src\main\AndroidManifest.xml
	xmlns:android
		ADDED from src\main\AndroidManifest.xml:3:11-69
uses-sdk
ADDED from src\main\AndroidManifest.xml:8:5-11:11
MERGED from [souyue_android:fresco:unspecified] AndroidManifest.xml:5:5-7:41
MERGED from [souyue_android:souyue_common:unspecified] AndroidManifest.xml:7:5-9:41
MERGED from [souyue_android:cbug_lib:unspecified] AndroidManifest.xml:7:5-9:41
MERGED from [souyue_android:tuitaSDK:unspecified] AndroidManifest.xml:7:5-9:41
MERGED from [souyue_android:cbug_lib:unspecified] AndroidManifest.xml:7:5-9:41
	android:targetSdkVersion
		ADDED from src\main\AndroidManifest.xml:10:9-38
		INJECTED from src\main\AndroidManifest.xml
		INJECTED from src\main\AndroidManifest.xml
	android:minSdkVersion
		ADDED from src\main\AndroidManifest.xml:9:9-35
		INJECTED from src\main\AndroidManifest.xml
		INJECTED from src\main\AndroidManifest.xml
permission#com.zhongsou.souyue.permission.JPUSH_MESSAGE
ADDED from src\main\AndroidManifest.xml:14:5-17:11
	android:protectionLevel
		ADDED from src\main\AndroidManifest.xml:16:9-44
	android:name
		ADDED from src\main\AndroidManifest.xml:15:9-68
uses-permission#com.zhongsou.souyue.permission.JPUSH_MESSAGE
ADDED from src\main\AndroidManifest.xml:19:5-83
	android:name
		ADDED from src\main\AndroidManifest.xml:19:22-81
permission#com.zhongsou.souyue.permission.MIPUSH_RECEIVE
ADDED from src\main\AndroidManifest.xml:22:5-25:11
	android:protectionLevel
		ADDED from src\main\AndroidManifest.xml:24:9-44
	android:name
		ADDED from src\main\AndroidManifest.xml:23:9-69
uses-permission#com.zhongsou.souyue.permission.MIPUSH_RECEIVE
ADDED from src\main\AndroidManifest.xml:27:5-84
	android:name
		ADDED from src\main\AndroidManifest.xml:27:22-82
uses-permission#android.permission.CAMERA
ADDED from src\main\AndroidManifest.xml:28:5-64
MERGED from [souyue_android:souyue_common:unspecified] AndroidManifest.xml:11:5-65
	android:name
		ADDED from src\main\AndroidManifest.xml:28:22-62
uses-permission#android.permission.RECEIVE_USER_PRESENT
ADDED from src\main\AndroidManifest.xml:29:5-78
	android:name
		ADDED from src\main\AndroidManifest.xml:29:22-76
uses-permission#android.permission.WAKE_LOCK
ADDED from src\main\AndroidManifest.xml:30:5-67
	android:name
		ADDED from src\main\AndroidManifest.xml:30:22-65
uses-permission#android.permission.RECEIVE_BOOT_COMPLETED
ADDED from src\main\AndroidManifest.xml:31:5-80
	android:name
		ADDED from src\main\AndroidManifest.xml:31:22-78
uses-permission#android.permission.VIBRATE
ADDED from src\main\AndroidManifest.xml:32:5-65
MERGED from [souyue_android:souyue_common:unspecified] AndroidManifest.xml:12:5-66
	android:name
		ADDED from src\main\AndroidManifest.xml:32:22-63
uses-permission#android.permission.ACCESS_NETWORK_STATE
ADDED from src\main\AndroidManifest.xml:33:5-78
MERGED from [souyue_android:souyue_common:unspecified] AndroidManifest.xml:14:5-79
	android:name
		ADDED from src\main\AndroidManifest.xml:33:22-76
uses-permission#android.permission.ACCESS_WIFI_STATE
ADDED from src\main\AndroidManifest.xml:34:5-75
MERGED from [souyue_android:souyue_common:unspecified] AndroidManifest.xml:15:5-76
	android:name
		ADDED from src\main\AndroidManifest.xml:34:22-73
uses-permission#android.permission.NFC
ADDED from src\main\AndroidManifest.xml:35:5-61
	android:name
		ADDED from src\main\AndroidManifest.xml:35:22-59
uses-feature#android.hardware.nfc.hce
ADDED from src\main\AndroidManifest.xml:37:5-60
	android:name
		ADDED from src\main\AndroidManifest.xml:37:19-58
uses-permission#android.permission.CHANGE_WIFI_STATE
ADDED from src\main\AndroidManifest.xml:39:5-75
	android:name
		ADDED from src\main\AndroidManifest.xml:39:22-73
uses-permission#android.permission.INTERNET
ADDED from src\main\AndroidManifest.xml:41:5-66
MERGED from [souyue_android:souyue_common:unspecified] AndroidManifest.xml:17:5-67
	android:name
		ADDED from src\main\AndroidManifest.xml:41:22-64
uses-permission#android.permission.ACCESS_FINE_LOCATION
ADDED from src\main\AndroidManifest.xml:42:5-78
	android:name
		ADDED from src\main\AndroidManifest.xml:42:22-76
uses-permission#android.permission.READ_LOGS
ADDED from src\main\AndroidManifest.xml:43:5-67
	android:name
		ADDED from src\main\AndroidManifest.xml:43:22-65
uses-permission#android.permission.GET_TASKS
ADDED from src\main\AndroidManifest.xml:44:5-67
	android:name
		ADDED from src\main\AndroidManifest.xml:44:22-65
uses-permission#android.permission.RUN_INSTRUMENTATION
ADDED from src\main\AndroidManifest.xml:45:5-77
	android:name
		ADDED from src\main\AndroidManifest.xml:45:22-75
uses-permission#android.permission.RECORD_AUDIO
ADDED from src\main\AndroidManifest.xml:47:5-70
	android:name
		ADDED from src\main\AndroidManifest.xml:47:22-68
uses-permission#android.permission.READ_CONTACTS
ADDED from src\main\AndroidManifest.xml:49:5-71
	android:name
		ADDED from src\main\AndroidManifest.xml:49:22-69
uses-permission#android.permission.SEND_SMS
ADDED from src\main\AndroidManifest.xml:50:5-66
	android:name
		ADDED from src\main\AndroidManifest.xml:50:22-64
uses-permission#android.permission.WRITE_SMS
ADDED from src\main\AndroidManifest.xml:51:5-67
	android:name
		ADDED from src\main\AndroidManifest.xml:51:22-65
uses-permission#android.permission.READ_SMS
ADDED from src\main\AndroidManifest.xml:52:5-66
	android:name
		ADDED from src\main\AndroidManifest.xml:52:22-64
uses-permission#android.permission.READ_PHONE_STATE
ADDED from src\main\AndroidManifest.xml:54:5-55:23
MERGED from [souyue_android:souyue_common:unspecified] AndroidManifest.xml:16:5-75
	android:name
		ADDED from src\main\AndroidManifest.xml:54:22-72
uses-permission#android.permission.WRITE_EXTERNAL_STORAGE
ADDED from src\main\AndroidManifest.xml:57:5-80
MERGED from [souyue_android:souyue_common:unspecified] AndroidManifest.xml:20:5-81
	android:name
		ADDED from src\main\AndroidManifest.xml:57:22-78
uses-permission#android.permission.READ_EXTERNAL_STORAGE
ADDED from src\main\AndroidManifest.xml:58:5-79
MERGED from [souyue_android:souyue_common:unspecified] AndroidManifest.xml:19:5-80
	android:name
		ADDED from src\main\AndroidManifest.xml:58:22-77
uses-permission#android.permission.MOUNT_UNMOUNT_FILESYSTEMS
ADDED from src\main\AndroidManifest.xml:59:5-83
	android:name
		ADDED from src\main\AndroidManifest.xml:59:22-81
uses-permission#android.permission.SYSTEM_ALERT_WINDOW
ADDED from src\main\AndroidManifest.xml:61:5-77
	android:name
		ADDED from src\main\AndroidManifest.xml:61:22-75
uses-permission#android.permission.GET_ACCOUNTS
ADDED from src\main\AndroidManifest.xml:62:5-70
	android:name
		ADDED from src\main\AndroidManifest.xml:62:22-68
uses-permission#android.permission.USE_CREDENTIALS
ADDED from src\main\AndroidManifest.xml:63:5-73
	android:name
		ADDED from src\main\AndroidManifest.xml:63:22-71
uses-permission#android.permission.MANAGE_ACCOUNTS
ADDED from src\main\AndroidManifest.xml:64:5-73
	android:name
		ADDED from src\main\AndroidManifest.xml:64:22-71
uses-permission#android.permission.MODIFY_AUDIO_SETTINGS
ADDED from src\main\AndroidManifest.xml:65:5-66:23
	android:name
		ADDED from src\main\AndroidManifest.xml:65:22-77
uses-permission#org.simalliance.openmobileapi.SMARTCARD
ADDED from src\main\AndroidManifest.xml:67:5-78
	android:name
		ADDED from src\main\AndroidManifest.xml:67:22-76
uses-permission#android.permission.REORDER_TASKS
ADDED from src\main\AndroidManifest.xml:68:5-71
	android:name
		ADDED from src\main\AndroidManifest.xml:68:22-69
uses-permission#com.android.launcher.permission.INSTALL_SHORTCUT
ADDED from src\main\AndroidManifest.xml:71:5-87
MERGED from [souyue_android:souyue_common:unspecified] AndroidManifest.xml:13:5-88
	android:name
		ADDED from src\main\AndroidManifest.xml:71:22-85
uses-feature#android.hardware.camera
ADDED from src\main\AndroidManifest.xml:73:5-59
	android:name
		ADDED from src\main\AndroidManifest.xml:73:19-57
uses-feature#android.hardware.camera.autofocus
ADDED from src\main\AndroidManifest.xml:74:5-69
	android:name
		ADDED from src\main\AndroidManifest.xml:74:19-67
uses-permission#com.tuita.im
ADDED from src\main\AndroidManifest.xml:76:5-51
	android:name
		ADDED from src\main\AndroidManifest.xml:76:22-49
uses-permission#android.permission.FLASHLIGHT
ADDED from src\main\AndroidManifest.xml:77:5-68
MERGED from [souyue_android:souyue_common:unspecified] AndroidManifest.xml:18:5-69
	android:name
		ADDED from src\main\AndroidManifest.xml:77:22-66
uses-permission#com.witcool.pad.permission.READ_CONTENTPROVIDER
ADDED from src\main\AndroidManifest.xml:78:5-86
	android:name
		ADDED from src\main\AndroidManifest.xml:78:22-84
permission#com.zhongsou.souyue.contacts.PERMISSION
ADDED from src\main\AndroidManifest.xml:80:5-73
	android:name
		ADDED from src\main\AndroidManifest.xml:80:17-71
uses-permission#android.permission.PROCESS_OUTGOING_CALLS
ADDED from src\main\AndroidManifest.xml:82:5-80
	android:name
		ADDED from src\main\AndroidManifest.xml:82:22-78
permission#com.tuita.im
ADDED from src\main\AndroidManifest.xml:84:5-87:11
	android:protectionLevel
		ADDED from src\main\AndroidManifest.xml:86:9-41
	android:name
		ADDED from src\main\AndroidManifest.xml:85:9-36
uses-permission#android.permission.ACCESS_COARSE_LOCATION
ADDED from src\main\AndroidManifest.xml:89:5-80
	android:name
		ADDED from src\main\AndroidManifest.xml:89:22-78
uses-permission#android.permission.INTERACT_ACROSS_USERS_FULL
ADDED from src\main\AndroidManifest.xml:90:5-84
	android:name
		ADDED from src\main\AndroidManifest.xml:90:22-82
uses-permission#android.permission.WRITE_SETTINGS
ADDED from src\main\AndroidManifest.xml:91:5-72
	android:name
		ADDED from src\main\AndroidManifest.xml:91:22-70
uses-permission#android.permission.SET_WALLPAPER
ADDED from src\main\AndroidManifest.xml:92:5-71
	android:name
		ADDED from src\main\AndroidManifest.xml:92:22-69
uses-permission#android.permission.CHANGE_NETWORK_SATET
ADDED from src\main\AndroidManifest.xml:93:5-78
	android:name
		ADDED from src\main\AndroidManifest.xml:93:22-76
uses-permission#android.permission.ACCESS_LOCATION_EXTRA_COMMANDS
ADDED from src\main\AndroidManifest.xml:96:5-88
	android:name
		ADDED from src\main\AndroidManifest.xml:96:22-86
uses-permission#android.permission.CHANGE_NETWORK_STATE
ADDED from src\main\AndroidManifest.xml:97:5-78
	android:name
		ADDED from src\main\AndroidManifest.xml:97:22-76
application
ADDED from src\main\AndroidManifest.xml:99:5-1221:19
	android:label
		ADDED from src\main\AndroidManifest.xml:104:9-41
	android:hardwareAccelerated
		ADDED from src\main\AndroidManifest.xml:102:9-43
	android:allowTaskReparenting
		ADDED from src\main\AndroidManifest.xml:101:9-44
	android:icon
		ADDED from src\main\AndroidManifest.xml:103:9-38
	android:theme
		ADDED from src\main\AndroidManifest.xml:105:9-40
	android:name
		ADDED from src\main\AndroidManifest.xml:100:9-40
activity#com.zhongsou.souyue.activity.SplashActivity
ADDED from src\main\AndroidManifest.xml:107:9-127:20
	android:screenOrientation
		ADDED from src\main\AndroidManifest.xml:111:13-49
	android:label
		ADDED from src\main\AndroidManifest.xml:109:13-45
	android:launchMode
		ADDED from src\main\AndroidManifest.xml:110:13-43
	android:theme
		ADDED from src\main\AndroidManifest.xml:112:13-71
	android:name
		ADDED from src\main\AndroidManifest.xml:108:13-52
intent-filter#android.intent.action.MAIN+android.intent.category.LAUNCHER
ADDED from src\main\AndroidManifest.xml:114:13-118:29
action#android.intent.action.MAIN
ADDED from src\main\AndroidManifest.xml:115:17-68
	android:name
		ADDED from src\main\AndroidManifest.xml:115:25-66
category#android.intent.category.LAUNCHER
ADDED from src\main\AndroidManifest.xml:117:17-76
	android:name
		ADDED from src\main\AndroidManifest.xml:117:27-74
intent-filter#android.intent.action.VIEW+android.intent.category.BROWSABLE+android.intent.category.DEFAULT
ADDED from src\main\AndroidManifest.xml:119:13-126:29
action#android.intent.action.VIEW
ADDED from src\main\AndroidManifest.xml:120:17-68
	android:name
		ADDED from src\main\AndroidManifest.xml:120:25-66
category#android.intent.category.BROWSABLE
ADDED from src\main\AndroidManifest.xml:122:17-77
	android:name
		ADDED from src\main\AndroidManifest.xml:122:27-75
category#android.intent.category.DEFAULT
ADDED from src\main\AndroidManifest.xml:123:17-75
	android:name
		ADDED from src\main\AndroidManifest.xml:123:27-73
data
ADDED from src\main\AndroidManifest.xml:125:17-60
	android:scheme
		ADDED from src\main\AndroidManifest.xml:125:23-58
activity#com.zhongsou.souyue.activity.MainActivity
ADDED from src\main\AndroidManifest.xml:128:9-133:15
	android:screenOrientation
		ADDED from src\main\AndroidManifest.xml:131:13-49
	android:launchMode
		ADDED from src\main\AndroidManifest.xml:130:13-44
	android:windowSoftInputMode
		ADDED from src\main\AndroidManifest.xml:132:13-60
	android:name
		ADDED from src\main\AndroidManifest.xml:129:13-50
activity#com.umeng.fb.ContactActivity
ADDED from src\main\AndroidManifest.xml:141:9-144:15
	android:screenOrientation
		ADDED from src\main\AndroidManifest.xml:143:13-49
	android:name
		ADDED from src\main\AndroidManifest.xml:142:13-56
activity#com.zhongsou.souyue.activity.SettingActivity
ADDED from src\main\AndroidManifest.xml:146:9-149:15
	android:screenOrientation
		ADDED from src\main\AndroidManifest.xml:148:13-49
	android:name
		ADDED from src\main\AndroidManifest.xml:147:13-53
activity#com.zhongsou.souyue.activity.MyInfoActivity
ADDED from src\main\AndroidManifest.xml:150:9-154:15
	android:screenOrientation
		ADDED from src\main\AndroidManifest.xml:153:13-49
	android:configChanges
		ADDED from src\main\AndroidManifest.xml:152:13-59
	android:name
		ADDED from src\main\AndroidManifest.xml:151:13-52
activity#com.zhongsou.souyue.activity.ScanResultActivity
ADDED from src\main\AndroidManifest.xml:155:9-159:15
	android:screenOrientation
		ADDED from src\main\AndroidManifest.xml:158:13-49
	android:configChanges
		ADDED from src\main\AndroidManifest.xml:157:13-59
	android:name
		ADDED from src\main\AndroidManifest.xml:156:13-56
activity#com.zhongsou.souyue.activity.LoginActivity
ADDED from src\main\AndroidManifest.xml:160:9-164:15
	android:screenOrientation
		ADDED from src\main\AndroidManifest.xml:162:13-49
	android:windowSoftInputMode
		ADDED from src\main\AndroidManifest.xml:163:13-54
	android:name
		ADDED from src\main\AndroidManifest.xml:161:13-51
activity#com.zhongsou.souyue.activity.EditNickNameActivity
ADDED from src\main\AndroidManifest.xml:165:9-168:15
	android:screenOrientation
		ADDED from src\main\AndroidManifest.xml:167:13-49
	android:name
		ADDED from src\main\AndroidManifest.xml:166:13-58
activity#com.zhongsou.souyue.activity.UserAgreementActivity
ADDED from src\main\AndroidManifest.xml:174:9-177:15
	android:screenOrientation
		ADDED from src\main\AndroidManifest.xml:176:13-49
	android:name
		ADDED from src\main\AndroidManifest.xml:175:13-59
activity#com.zhongsou.souyue.activity.FragmentMsgPushHistoryActivity
ADDED from src\main\AndroidManifest.xml:182:9-185:15
	android:screenOrientation
		ADDED from src\main\AndroidManifest.xml:184:13-49
	android:name
		ADDED from src\main\AndroidManifest.xml:183:13-68
activity#com.zhongsou.souyue.activity.ScaningActivity
ADDED from src\main\AndroidManifest.xml:186:9-189:15
	android:screenOrientation
		ADDED from src\main\AndroidManifest.xml:188:13-49
	android:name
		ADDED from src\main\AndroidManifest.xml:187:13-53
activity#com.zhongsou.souyue.activity.ICommentaryActivity
ADDED from src\main\AndroidManifest.xml:190:9-194:15
	android:screenOrientation
		ADDED from src\main\AndroidManifest.xml:192:13-49
	android:windowSoftInputMode
		ADDED from src\main\AndroidManifest.xml:193:13-54
	android:name
		ADDED from src\main\AndroidManifest.xml:191:13-57
activity#com.zhongsou.souyue.activity.AboutActivity
ADDED from src\main\AndroidManifest.xml:195:9-198:15
	android:screenOrientation
		ADDED from src\main\AndroidManifest.xml:197:13-49
	android:name
		ADDED from src\main\AndroidManifest.xml:196:13-51
activity#com.zhongsou.souyue.activity.ContactUsActivity
ADDED from src\main\AndroidManifest.xml:199:9-202:15
	android:screenOrientation
		ADDED from src\main\AndroidManifest.xml:201:13-49
	android:name
		ADDED from src\main\AndroidManifest.xml:200:13-55
activity#com.zhongsou.souyue.activity.RecommendFriendActivity
ADDED from src\main\AndroidManifest.xml:203:9-206:15
	android:screenOrientation
		ADDED from src\main\AndroidManifest.xml:205:13-49
	android:name
		ADDED from src\main\AndroidManifest.xml:204:13-61
activity#com.zhongsou.souyue.activity.WebSrcViewActivity
ADDED from src\main\AndroidManifest.xml:207:9-211:15
	android:screenOrientation
		ADDED from src\main\AndroidManifest.xml:210:13-49
	android:hardwareAccelerated
		ADDED from src\main\AndroidManifest.xml:209:13-47
	android:name
		ADDED from src\main\AndroidManifest.xml:208:13-56
activity#com.zhongsou.souyue.activity.XiaoDanganWebActivity
ADDED from src\main\AndroidManifest.xml:212:9-215:15
	android:screenOrientation
		ADDED from src\main\AndroidManifest.xml:214:13-49
	android:name
		ADDED from src\main\AndroidManifest.xml:213:13-59
activity#com.zhongsou.souyue.activity.CommentaryActivity
ADDED from src\main\AndroidManifest.xml:216:9-220:15
	android:screenOrientation
		ADDED from src\main\AndroidManifest.xml:218:13-49
	android:windowSoftInputMode
		ADDED from src\main\AndroidManifest.xml:219:13-55
	android:name
		ADDED from src\main\AndroidManifest.xml:217:13-56
activity#com.zhongsou.souyue.activity.SubscribeListActivity
ADDED from src\main\AndroidManifest.xml:225:9-230:15
	android:screenOrientation
		ADDED from src\main\AndroidManifest.xml:228:13-49
	android:launchMode
		ADDED from src\main\AndroidManifest.xml:227:13-43
	android:theme
		ADDED from src\main\AndroidManifest.xml:229:13-57
	android:name
		ADDED from src\main\AndroidManifest.xml:226:13-59
activity#com.zhongsou.souyue.activity.SubGroupEditActivity
ADDED from src\main\AndroidManifest.xml:231:9-234:15
	android:screenOrientation
		ADDED from src\main\AndroidManifest.xml:233:13-49
	android:name
		ADDED from src\main\AndroidManifest.xml:232:13-58
activity#com.zhongsou.souyue.activity.KeywordSubscribeActivity
ADDED from src\main\AndroidManifest.xml:235:9-238:15
	android:screenOrientation
		ADDED from src\main\AndroidManifest.xml:237:13-49
	android:name
		ADDED from src\main\AndroidManifest.xml:236:13-62
activity#com.zhongsou.souyue.activity.SRPActivity
ADDED from src\main\AndroidManifest.xml:243:9-250:20
	android:screenOrientation
		ADDED from src\main\AndroidManifest.xml:245:13-49
	android:name
		ADDED from src\main\AndroidManifest.xml:244:13-49
intent-filter#android.intent.action.CREATE_SHORTCUT
ADDED from src\main\AndroidManifest.xml:247:13-249:29
action#android.intent.action.CREATE_SHORTCUT
ADDED from src\main\AndroidManifest.xml:248:17-79
	android:name
		ADDED from src\main\AndroidManifest.xml:248:25-77
activity#com.zhongsou.souyue.activity.SearchActivity
ADDED from src\main\AndroidManifest.xml:251:9-255:15
	android:screenOrientation
		ADDED from src\main\AndroidManifest.xml:254:13-49
	android:launchMode
		ADDED from src\main\AndroidManifest.xml:253:13-44
	android:name
		ADDED from src\main\AndroidManifest.xml:252:13-52
activity#com.zhongsou.souyue.activity.QADetailsActivity
ADDED from src\main\AndroidManifest.xml:256:9-260:15
	android:screenOrientation
		ADDED from src\main\AndroidManifest.xml:258:13-49
	android:windowSoftInputMode
		ADDED from src\main\AndroidManifest.xml:259:13-55
	android:name
		ADDED from src\main\AndroidManifest.xml:257:13-55
activity#com.zhongsou.souyue.activity.SelfCreateActivity
ADDED from src\main\AndroidManifest.xml:261:9-265:15
	android:screenOrientation
		ADDED from src\main\AndroidManifest.xml:264:13-49
	android:launchMode
		ADDED from src\main\AndroidManifest.xml:263:13-44
	android:name
		ADDED from src\main\AndroidManifest.xml:262:13-56
activity#com.zhongsou.souyue.activity.MyFavoriteActivity
ADDED from src\main\AndroidManifest.xml:266:9-270:15
	android:screenOrientation
		ADDED from src\main\AndroidManifest.xml:269:13-49
	android:launchMode
		ADDED from src\main\AndroidManifest.xml:268:13-44
	android:name
		ADDED from src\main\AndroidManifest.xml:267:13-56
activity#com.zhongsou.souyue.activity.SendWeiboActivity
ADDED from src\main\AndroidManifest.xml:271:9-275:15
	android:screenOrientation
		ADDED from src\main\AndroidManifest.xml:274:13-49
	android:configChanges
		ADDED from src\main\AndroidManifest.xml:273:13-74
	android:name
		ADDED from src\main\AndroidManifest.xml:272:13-55
activity#com.zhongsou.souyue.activity.SendBlogActivity
ADDED from src\main\AndroidManifest.xml:276:9-280:15
	android:screenOrientation
		ADDED from src\main\AndroidManifest.xml:279:13-49
	android:configChanges
		ADDED from src\main\AndroidManifest.xml:278:13-74
	android:name
		ADDED from src\main\AndroidManifest.xml:277:13-54
activity#com.zhongsou.souyue.activity.SendInfoActivity
ADDED from src\main\AndroidManifest.xml:281:9-285:15
	android:screenOrientation
		ADDED from src\main\AndroidManifest.xml:284:13-49
	android:configChanges
		ADDED from src\main\AndroidManifest.xml:283:13-74
	android:name
		ADDED from src\main\AndroidManifest.xml:282:13-54
activity#com.zhongsou.souyue.activity.SendNextActivity
ADDED from src\main\AndroidManifest.xml:286:9-289:15
	android:screenOrientation
		ADDED from src\main\AndroidManifest.xml:288:13-49
	android:name
		ADDED from src\main\AndroidManifest.xml:287:13-54
activity#com.zhongsou.souyue.activity.Mine_PurseActivity
ADDED from src\main\AndroidManifest.xml:290:9-293:15
	android:screenOrientation
		ADDED from src\main\AndroidManifest.xml:292:13-49
	android:name
		ADDED from src\main\AndroidManifest.xml:291:13-56
activity#com.zhongsou.souyue.activity.Mine_ReadActivity
ADDED from src\main\AndroidManifest.xml:294:9-297:15
	android:screenOrientation
		ADDED from src\main\AndroidManifest.xml:296:13-49
	android:name
		ADDED from src\main\AndroidManifest.xml:295:13-55
activity#com.zhongsou.souyue.activity.Mine_ItemActivity
ADDED from src\main\AndroidManifest.xml:298:9-301:15
	android:screenOrientation
		ADDED from src\main\AndroidManifest.xml:300:13-49
	android:name
		ADDED from src\main\AndroidManifest.xml:299:13-55
activity#com.zhongsou.souyue.dialog.SubscriptionDialog
ADDED from src\main\AndroidManifest.xml:303:9-307:15
	android:screenOrientation
		ADDED from src\main\AndroidManifest.xml:305:13-49
	android:theme
		ADDED from src\main\AndroidManifest.xml:306:13-42
	android:name
		ADDED from src\main\AndroidManifest.xml:304:13-54
activity#com.zhongsou.souyue.dialog.ShareToSouyueFriendsDialog
ADDED from src\main\AndroidManifest.xml:308:9-312:15
	android:screenOrientation
		ADDED from src\main\AndroidManifest.xml:310:13-49
	android:theme
		ADDED from src\main\AndroidManifest.xml:311:13-42
	android:name
		ADDED from src\main\AndroidManifest.xml:309:13-62
activity#com.zhongsou.souyue.activity.ShareWeiboActivity
ADDED from src\main\AndroidManifest.xml:313:9-323:20
	android:screenOrientation
		ADDED from src\main\AndroidManifest.xml:315:13-49
	android:windowSoftInputMode
		ADDED from src\main\AndroidManifest.xml:316:13-55
	android:name
		ADDED from src\main\AndroidManifest.xml:314:13-56
intent-filter#android.intent.category.DEFAULT+com.sina.weibo.sdk.action.ACTION_SDK_REQ_ACTIVITY
ADDED from src\main\AndroidManifest.xml:318:13-322:29
action#com.sina.weibo.sdk.action.ACTION_SDK_REQ_ACTIVITY
ADDED from src\main\AndroidManifest.xml:319:17-91
	android:name
		ADDED from src\main\AndroidManifest.xml:319:25-89
activity#com.zhongsou.souyue.activity.ShareHelpActivity
ADDED from src\main\AndroidManifest.xml:328:9-331:15
	android:screenOrientation
		ADDED from src\main\AndroidManifest.xml:330:13-49
	android:name
		ADDED from src\main\AndroidManifest.xml:329:13-55
activity#com.zhongsou.souyue.activity.TouchGalleryActivity
ADDED from src\main\AndroidManifest.xml:332:9-335:15
	android:configChanges
		ADDED from src\main\AndroidManifest.xml:334:13-74
	android:name
		ADDED from src\main\AndroidManifest.xml:333:13-58
activity#com.zhongsou.souyue.activity.SelfCreateDetailActivity
ADDED from src\main\AndroidManifest.xml:336:9-339:15
	android:screenOrientation
		ADDED from src\main\AndroidManifest.xml:338:13-49
	android:name
		ADDED from src\main\AndroidManifest.xml:337:13-62
activity#com.zhongsou.souyue.activity.DimensionalCodeActivity
ADDED from src\main\AndroidManifest.xml:340:9-343:15
	android:screenOrientation
		ADDED from src\main\AndroidManifest.xml:342:13-49
	android:name
		ADDED from src\main\AndroidManifest.xml:341:13-61
activity#com.zhongsou.souyue.activity.SignatureActivity
ADDED from src\main\AndroidManifest.xml:344:9-349:15
	android:screenOrientation
		ADDED from src\main\AndroidManifest.xml:347:13-49
	android:windowSoftInputMode
		ADDED from src\main\AndroidManifest.xml:348:13-70
	android:configChanges
		ADDED from src\main\AndroidManifest.xml:346:13-51
	android:name
		ADDED from src\main\AndroidManifest.xml:345:13-55
activity#com.zhongsou.souyue.activity.MySubscribeListActivity
ADDED from src\main\AndroidManifest.xml:350:9-353:15
	android:screenOrientation
		ADDED from src\main\AndroidManifest.xml:352:13-49
	android:name
		ADDED from src\main\AndroidManifest.xml:351:13-61
activity#com.zhongsou.souyue.activity.PhoneRegisterValidatorActivity
ADDED from src\main\AndroidManifest.xml:354:9-357:15
	android:screenOrientation
		ADDED from src\main\AndroidManifest.xml:356:13-49
	android:name
		ADDED from src\main\AndroidManifest.xml:355:13-68
activity#com.zhongsou.souyue.activity.PhoneFindPswActivity
ADDED from src\main\AndroidManifest.xml:358:9-361:15
	android:screenOrientation
		ADDED from src\main\AndroidManifest.xml:360:13-49
	android:name
		ADDED from src\main\AndroidManifest.xml:359:13-58
activity#com.zhongsou.souyue.activity.MsgLoginValidatorActivity
ADDED from src\main\AndroidManifest.xml:362:9-365:15
	android:screenOrientation
		ADDED from src\main\AndroidManifest.xml:364:13-49
	android:name
		ADDED from src\main\AndroidManifest.xml:363:13-63
activity#com.zhongsou.souyue.activity.LoginInputPhoneNumActivity
ADDED from src\main\AndroidManifest.xml:366:9-369:15
	android:screenOrientation
		ADDED from src\main\AndroidManifest.xml:368:13-49
	android:name
		ADDED from src\main\AndroidManifest.xml:367:13-64
activity#com.zhongsou.souyue.activity.QRCodeActivity
ADDED from src\main\AndroidManifest.xml:370:9-373:15
	android:screenOrientation
		ADDED from src\main\AndroidManifest.xml:372:13-49
	android:name
		ADDED from src\main\AndroidManifest.xml:371:13-52
activity#com.zhongsou.souyue.activity.SouYueRssActivity
ADDED from src\main\AndroidManifest.xml:374:9-378:15
	android:screenOrientation
		ADDED from src\main\AndroidManifest.xml:377:13-49
	android:launchMode
		ADDED from src\main\AndroidManifest.xml:376:13-44
	android:name
		ADDED from src\main\AndroidManifest.xml:375:13-55
activity#com.zhongsou.souyue.activity.EditSexActivity
ADDED from src\main\AndroidManifest.xml:379:9-382:15
	android:screenOrientation
		ADDED from src\main\AndroidManifest.xml:381:13-49
	android:name
		ADDED from src\main\AndroidManifest.xml:380:13-53
activity#com.zhongsou.souyue.activity.SpecialTopicActivity
ADDED from src\main\AndroidManifest.xml:383:9-386:15
	android:screenOrientation
		ADDED from src\main\AndroidManifest.xml:385:13-49
	android:name
		ADDED from src\main\AndroidManifest.xml:384:13-58
activity#com.tencent.connect.common.AssistActivity
ADDED from src\main\AndroidManifest.xml:388:9-392:15
	android:screenOrientation
		ADDED from src\main\AndroidManifest.xml:390:13-49
	android:theme
		ADDED from src\main\AndroidManifest.xml:391:13-72
	android:name
		ADDED from src\main\AndroidManifest.xml:389:13-69
activity#com.tencent.tauth.AuthActivity
ADDED from src\main\AndroidManifest.xml:393:9-406:20
	android:launchMode
		ADDED from src\main\AndroidManifest.xml:395:13-44
	android:noHistory
		ADDED from src\main\AndroidManifest.xml:396:13-37
	android:name
		ADDED from src\main\AndroidManifest.xml:394:13-58
activity#com.zhongsou.souyue.wxapi.WXEntryActivity
ADDED from src\main\AndroidManifest.xml:407:9-413:20
	android:label
		ADDED from src\main\AndroidManifest.xml:410:13-45
	android:exported
		ADDED from src\main\AndroidManifest.xml:409:13-36
	android:theme
		ADDED from src\main\AndroidManifest.xml:411:13-61
	android:name
		ADDED from src\main\AndroidManifest.xml:408:13-50
activity#com.tencent.weibo.sdk.android.component.Authorize
ADDED from src\main\AndroidManifest.xml:415:9-85
	android:name
		ADDED from src\main\AndroidManifest.xml:415:19-83
activity#com.alipay.sdk.app.H5PayActivity
ADDED from src\main\AndroidManifest.xml:418:9-424:20
	android:screenOrientation
		ADDED from src\main\AndroidManifest.xml:422:13-47
	android:exported
		ADDED from src\main\AndroidManifest.xml:421:13-37
	android:configChanges
		ADDED from src\main\AndroidManifest.xml:420:13-74
	android:name
		ADDED from src\main\AndroidManifest.xml:419:13-60
activity#com.alipay.sdk.auth.AuthActivity
ADDED from src\main\AndroidManifest.xml:425:9-431:20
	android:screenOrientation
		ADDED from src\main\AndroidManifest.xml:429:13-47
	android:exported
		ADDED from src\main\AndroidManifest.xml:428:13-37
	android:configChanges
		ADDED from src\main\AndroidManifest.xml:427:13-74
	android:name
		ADDED from src\main\AndroidManifest.xml:426:13-60
service#com.zhongsou.souyue.service.download.DownloadService
ADDED from src\main\AndroidManifest.xml:434:9-68
	android:name
		ADDED from src\main\AndroidManifest.xml:434:18-66
service#com.zhongsou.souyue.download.DownloadFileServiceV2